<?xml version="1.0" encoding="UTF-8"?>
<!-- Generated by org.testng.reporters.JUnitReportReporter -->
<testsuite hostname="DESKTOP-3A129H7" failures="0" tests="1" name="Sample_Assured.Sample_Assured.GET_request" time="2.963" errors="0" timestamp="2024-04-24T11:07:25 IST" skipped="0">
  <testcase classname="Sample_Assured.Sample_Assured.GET_request" name="ValidateGETrequest" time="2.963"/>
  <system-out/>
</testsuite> <!-- Sample_Assured.Sample_Assured.GET_request -->
